{"/app/packages/renderer/src/viewport.ts": {"path":"/app/packages/renderer/src/viewport.ts","statementMap":{"0":{"start":{"line":7,"column":23},"end":{"line":7,"column":null}},"1":{"start":{"line":8,"column":20},"end":{"line":8,"column":null}},"2":{"start":{"line":13,"column":4},"end":{"line":13,"column":null}},"3":{"start":{"line":16,"column":4},"end":{"line":16,"column":null}},"4":{"start":{"line":17,"column":4},"end":{"line":17,"column":null}},"5":{"start":{"line":19,"column":4},"end":{"line":19,"column":null}},"6":{"start":{"line":20,"column":4},"end":{"line":20,"column":null}},"7":{"start":{"line":22,"column":4},"end":{"line":22,"column":null}},"8":{"start":{"line":23,"column":4},"end":{"line":23,"column":null}},"9":{"start":{"line":27,"column":4},"end":{"line":27,"column":null}},"10":{"start":{"line":28,"column":18},"end":{"line":28,"column":null}},"11":{"start":{"line":29,"column":19},"end":{"line":29,"column":null}},"12":{"start":{"line":31,"column":21},"end":{"line":31,"column":null}},"13":{"start":{"line":32,"column":20},"end":{"line":32,"column":null}},"14":{"start":{"line":33,"column":20},"end":{"line":33,"column":null}},"15":{"start":{"line":35,"column":4},"end":{"line":35,"column":null}},"16":{"start":{"line":37,"column":4},"end":{"line":40,"column":null}},"17":{"start":{"line":37,"column":17},"end":{"line":37,"column":26}},"18":{"start":{"line":38,"column":6},"end":{"line":38,"column":null}},"19":{"start":{"line":39,"column":6},"end":{"line":39,"column":null}},"20":{"start":{"line":42,"column":4},"end":{"line":45,"column":null}},"21":{"start":{"line":42,"column":17},"end":{"line":42,"column":26}},"22":{"start":{"line":43,"column":6},"end":{"line":43,"column":null}},"23":{"start":{"line":44,"column":6},"end":{"line":44,"column":null}},"24":{"start":{"line":49,"column":19},"end":{"line":49,"column":null}},"25":{"start":{"line":51,"column":4},"end":{"line":51,"column":null}},"26":{"start":{"line":52,"column":4},"end":{"line":52,"column":null}},"27":{"start":{"line":53,"column":4},"end":{"line":53,"column":null}},"28":{"start":{"line":54,"column":4},"end":{"line":54,"column":null}},"29":{"start":{"line":58,"column":4},"end":{"line":61,"column":null}},"30":{"start":{"line":59,"column":6},"end":{"line":59,"column":null}},"31":{"start":{"line":60,"column":6},"end":{"line":60,"column":null}},"32":{"start":{"line":65,"column":4},"end":{"line":65,"column":null}},"33":{"start":{"line":65,"column":26},"end":{"line":65,"column":null}},"34":{"start":{"line":67,"column":15},"end":{"line":67,"column":null}},"35":{"start":{"line":68,"column":15},"end":{"line":68,"column":null}},"36":{"start":{"line":70,"column":4},"end":{"line":70,"column":null}},"37":{"start":{"line":71,"column":4},"end":{"line":71,"column":null}},"38":{"start":{"line":73,"column":4},"end":{"line":73,"column":null}},"39":{"start":{"line":74,"column":4},"end":{"line":74,"column":null}},"40":{"start":{"line":78,"column":4},"end":{"line":78,"column":null}},"41":{"start":{"line":82,"column":4},"end":{"line":82,"column":null}},"42":{"start":{"line":84,"column":23},"end":{"line":84,"column":null}},"43":{"start":{"line":85,"column":21},"end":{"line":85,"column":null}},"44":{"start":{"line":87,"column":4},"end":{"line":87,"column":null}},"45":{"start":{"line":88,"column":4},"end":{"line":88,"column":null}},"46":{"start":{"line":90,"column":24},"end":{"line":90,"column":null}},"47":{"start":{"line":92,"column":4},"end":{"line":92,"column":null}},"48":{"start":{"line":93,"column":4},"end":{"line":93,"column":null}},"49":{"start":{"line":94,"column":4},"end":{"line":94,"column":null}}},"fnMap":{"0":{"name":"constructor","decl":{"start":{"line":12,"column":2},"end":{"line":12,"column":14}},"loc":{"start":{"line":12,"column":37},"end":{"line":24,"column":null}},"line":12},"1":{"name":"drawGrid","decl":{"start":{"line":26,"column":2},"end":{"line":26,"column":10}},"loc":{"start":{"line":26,"column":21},"end":{"line":46,"column":null}},"line":26},"2":{"name":"setupEvents","decl":{"start":{"line":48,"column":2},"end":{"line":48,"column":10}},"loc":{"start":{"line":48,"column":24},"end":{"line":55,"column":null}},"line":48},"3":{"name":"onPointerDown","decl":{"start":{"line":57,"column":2},"end":{"line":57,"column":10}},"loc":{"start":{"line":57,"column":41},"end":{"line":62,"column":null}},"line":57},"4":{"name":"onPointerMove","decl":{"start":{"line":64,"column":2},"end":{"line":64,"column":10}},"loc":{"start":{"line":64,"column":41},"end":{"line":75,"column":null}},"line":64},"5":{"name":"onPointerUp","decl":{"start":{"line":77,"column":2},"end":{"line":77,"column":10}},"loc":{"start":{"line":77,"column":24},"end":{"line":79,"column":null}},"line":77},"6":{"name":"onWheel","decl":{"start":{"line":81,"column":2},"end":{"line":81,"column":10}},"loc":{"start":{"line":81,"column":33},"end":{"line":95,"column":null}},"line":81}},"branchMap":{"0":{"loc":{"start":{"line":58,"column":4},"end":{"line":61,"column":null}},"type":"if","locations":[{"start":{"line":58,"column":4},"end":{"line":61,"column":null}},{"start":{},"end":{}}],"line":58},"1":{"loc":{"start":{"line":58,"column":8},"end":{"line":58,"column":38}},"type":"binary-expr","locations":[{"start":{"line":58,"column":8},"end":{"line":58,"column":26}},{"start":{"line":58,"column":26},"end":{"line":58,"column":38}}],"line":58},"2":{"loc":{"start":{"line":65,"column":4},"end":{"line":65,"column":null}},"type":"if","locations":[{"start":{"line":65,"column":4},"end":{"line":65,"column":null}},{"start":{},"end":{}}],"line":65}},"s":{"0":1,"1":1,"2":1,"3":1,"4":1,"5":1,"6":1,"7":1,"8":1,"9":1,"10":1,"11":1,"12":1,"13":1,"14":1,"15":1,"16":1,"17":1,"18":16,"19":16,"20":1,"21":1,"22":12,"23":12,"24":1,"25":1,"26":1,"27":1,"28":1,"29":0,"30":0,"31":0,"32":0,"33":0,"34":0,"35":0,"36":0,"37":0,"38":0,"39":0,"40":0,"41":0,"42":0,"43":0,"44":0,"45":0,"46":0,"47":0,"48":0,"49":0},"f":{"0":1,"1":1,"2":1,"3":0,"4":0,"5":0,"6":0},"b":{"0":[0,0],"1":[0,0],"2":[0,0]},"meta":{"lastBranch":3,"lastFunction":7,"lastStatement":50,"seen":{"s:7:23:7:Infinity":0,"s:8:20:8:Infinity":1,"f:12:2:12:14":0,"s:13:4:13:Infinity":2,"s:16:4:16:Infinity":3,"s:17:4:17:Infinity":4,"s:19:4:19:Infinity":5,"s:20:4:20:Infinity":6,"s:22:4:22:Infinity":7,"s:23:4:23:Infinity":8,"f:26:2:26:10":1,"s:27:4:27:Infinity":9,"s:28:18:28:Infinity":10,"s:29:19:29:Infinity":11,"s:31:21:31:Infinity":12,"s:32:20:32:Infinity":13,"s:33:20:33:Infinity":14,"s:35:4:35:Infinity":15,"s:37:4:40:Infinity":16,"s:37:17:37:26":17,"s:38:6:38:Infinity":18,"s:39:6:39:Infinity":19,"s:42:4:45:Infinity":20,"s:42:17:42:26":21,"s:43:6:43:Infinity":22,"s:44:6:44:Infinity":23,"f:48:2:48:10":2,"s:49:19:49:Infinity":24,"s:51:4:51:Infinity":25,"s:52:4:52:Infinity":26,"s:53:4:53:Infinity":27,"s:54:4:54:Infinity":28,"f:57:2:57:10":3,"b:58:4:61:Infinity:undefined:undefined:undefined:undefined":0,"s:58:4:61:Infinity":29,"b:58:8:58:26:58:26:58:38":1,"s:59:6:59:Infinity":30,"s:60:6:60:Infinity":31,"f:64:2:64:10":4,"b:65:4:65:Infinity:undefined:undefined:undefined:undefined":2,"s:65:4:65:Infinity":32,"s:65:26:65:Infinity":33,"s:67:15:67:Infinity":34,"s:68:15:68:Infinity":35,"s:70:4:70:Infinity":36,"s:71:4:71:Infinity":37,"s:73:4:73:Infinity":38,"s:74:4:74:Infinity":39,"f:77:2:77:10":5,"s:78:4:78:Infinity":40,"f:81:2:81:10":6,"s:82:4:82:Infinity":41,"s:84:23:84:Infinity":42,"s:85:21:85:Infinity":43,"s:87:4:87:Infinity":44,"s:88:4:88:Infinity":45,"s:90:24:90:Infinity":46,"s:92:4:92:Infinity":47,"s:93:4:93:Infinity":48,"s:94:4:94:Infinity":49},"fnNames":{}}}
}
