<?xml version="1.0" encoding="UTF-8"?>
<coverage generated="1784019002002" clover="3.2.0">
  <project timestamp="1784019002002" name="All files">
    <metrics statements="27" coveredstatements="26" conditionals="8" coveredconditionals="7" methods="11" coveredmethods="11" elements="46" coveredelements="44" complexity="0" loc="27" ncloc="27" packages="1" files="2" classes="2"/>
    <file name="easing.ts" path="/app/packages/math/src/easing.ts">
      <metrics statements="4" coveredstatements="4" conditionals="2" coveredconditionals="2" methods="4" coveredmethods="4"/>
      <line num="1" count="3" type="stmt"/>
      <line num="2" count="3" type="stmt"/>
      <line num="3" count="3" type="stmt"/>
      <line num="4" count="5" type="cond" truecount="2" falsecount="0"/>
    </file>
    <file name="matrix.ts" path="/app/packages/math/src/matrix.ts">
      <metrics statements="23" coveredstatements="22" conditionals="6" coveredconditionals="5" methods="7" coveredmethods="7"/>
      <line num="3" count="8" type="stmt"/>
      <line num="9" count="1" type="stmt"/>
      <line num="10" count="8" type="stmt"/>
      <line num="11" count="8" type="stmt"/>
      <line num="13" count="8" type="stmt"/>
      <line num="26" count="1" type="stmt"/>
      <line num="27" count="2" type="stmt"/>
      <line num="34" count="1" type="stmt"/>
      <line num="35" count="2" type="stmt"/>
      <line num="36" count="2" type="stmt"/>
      <line num="37" count="2" type="stmt"/>
      <line num="44" count="1" type="stmt"/>
      <line num="45" count="2" type="stmt"/>
      <line num="52" count="1" type="stmt"/>
      <line num="53" count="1" type="stmt"/>
      <line num="60" count="1" type="stmt"/>
      <line num="69" count="1" type="stmt"/>
      <line num="70" count="1" type="stmt"/>
      <line num="71" count="1" type="stmt"/>
      <line num="73" count="1" type="cond" truecount="3" falsecount="1"/>
      <line num="74" count="0" type="stmt"/>
      <line num="77" count="1" type="stmt"/>
      <line num="78" count="1" type="stmt"/>
    </file>
  </project>
</coverage>
