{"/app/packages/math/src/easing.ts": {"path":"/app/packages/math/src/easing.ts","statementMap":{"0":{"start":{"line":1,"column":13},"end":{"line":1,"column":null}},"1":{"start":{"line":1,"column":45},"end":{"line":1,"column":null}},"2":{"start":{"line":2,"column":13},"end":{"line":2,"column":null}},"3":{"start":{"line":2,"column":49},"end":{"line":2,"column":null}},"4":{"start":{"line":3,"column":13},"end":{"line":3,"column":null}},"5":{"start":{"line":3,"column":50},"end":{"line":3,"column":null}},"6":{"start":{"line":4,"column":13},"end":{"line":4,"column":null}},"7":{"start":{"line":4,"column":52},"end":{"line":4,"column":null}}},"fnMap":{"0":{"name":"(anonymous_0)","decl":{"start":{"line":1,"column":13},"end":{"line":1,"column":23}},"loc":{"start":{"line":1,"column":45},"end":{"line":1,"column":null}},"line":1},"1":{"name":"(anonymous_1)","decl":{"start":{"line":2,"column":13},"end":{"line":2,"column":27}},"loc":{"start":{"line":2,"column":49},"end":{"line":2,"column":null}},"line":2},"2":{"name":"(anonymous_2)","decl":{"start":{"line":3,"column":13},"end":{"line":3,"column":28}},"loc":{"start":{"line":3,"column":50},"end":{"line":3,"column":null}},"line":3},"3":{"name":"(anonymous_3)","decl":{"start":{"line":4,"column":13},"end":{"line":4,"column":30}},"loc":{"start":{"line":4,"column":52},"end":{"line":4,"column":null}},"line":4}},"branchMap":{"0":{"loc":{"start":{"line":4,"column":52},"end":{"line":4,"column":null}},"type":"cond-expr","locations":[{"start":{"line":4,"column":62},"end":{"line":4,"column":74}},{"start":{"line":4,"column":74},"end":{"line":4,"column":null}}],"line":4}},"s":{"0":1,"1":3,"2":1,"3":3,"4":1,"5":3,"6":1,"7":5},"f":{"0":3,"1":3,"2":3,"3":5},"b":{"0":[2,3]},"meta":{"lastBranch":1,"lastFunction":4,"lastStatement":8,"seen":{"s:1:13:1:Infinity":0,"f:1:13:1:23":0,"s:1:45:1:Infinity":1,"s:2:13:2:Infinity":2,"f:2:13:2:27":1,"s:2:49:2:Infinity":3,"s:3:13:3:Infinity":4,"f:3:13:3:28":2,"s:3:50:3:Infinity":5,"s:4:13:4:Infinity":6,"f:4:13:4:30":3,"s:4:52:4:Infinity":7,"b:4:62:4:74:4:74:4:Infinity":0},"fnNames":{}}}
,"/app/packages/math/src/matrix.ts": {"path":"/app/packages/math/src/matrix.ts","statementMap":{"0":{"start":{"line":3,"column":13},"end":{"line":7,"column":null}},"1":{"start":{"line":3,"column":43},"end":{"line":7,"column":null}},"2":{"start":{"line":9,"column":13},"end":{"line":24,"column":null}},"3":{"start":{"line":10,"column":56},"end":{"line":10,"column":null}},"4":{"start":{"line":11,"column":56},"end":{"line":11,"column":null}},"5":{"start":{"line":13,"column":2},"end":{"line":23,"column":null}},"6":{"start":{"line":26,"column":13},"end":{"line":32,"column":null}},"7":{"start":{"line":27,"column":2},"end":{"line":31,"column":null}},"8":{"start":{"line":34,"column":13},"end":{"line":42,"column":null}},"9":{"start":{"line":35,"column":12},"end":{"line":35,"column":null}},"10":{"start":{"line":36,"column":12},"end":{"line":36,"column":null}},"11":{"start":{"line":37,"column":2},"end":{"line":41,"column":null}},"12":{"start":{"line":44,"column":13},"end":{"line":50,"column":null}},"13":{"start":{"line":45,"column":2},"end":{"line":49,"column":null}},"14":{"start":{"line":52,"column":13},"end":{"line":58,"column":null}},"15":{"start":{"line":53,"column":2},"end":{"line":57,"column":null}},"16":{"start":{"line":60,"column":13},"end":{"line":79,"column":null}},"17":{"start":{"line":69,"column":10},"end":{"line":69,"column":null}},"18":{"start":{"line":70,"column":2},"end":{"line":70,"column":null}},"19":{"start":{"line":71,"column":2},"end":{"line":71,"column":null}},"20":{"start":{"line":73,"column":2},"end":{"line":75,"column":null}},"21":{"start":{"line":74,"column":4},"end":{"line":74,"column":null}},"22":{"start":{"line":77,"column":2},"end":{"line":77,"column":null}},"23":{"start":{"line":78,"column":2},"end":{"line":78,"column":null}}},"fnMap":{"0":{"name":"(anonymous_0)","decl":{"start":{"line":3,"column":13},"end":{"line":3,"column":43}},"loc":{"start":{"line":3,"column":43},"end":{"line":7,"column":null}},"line":3},"1":{"name":"(anonymous_1)","decl":{"start":{"line":9,"column":13},"end":{"line":9,"column":31}},"loc":{"start":{"line":9,"column":67},"end":{"line":24,"column":null}},"line":9},"2":{"name":"(anonymous_2)","decl":{"start":{"line":26,"column":13},"end":{"line":26,"column":32}},"loc":{"start":{"line":26,"column":78},"end":{"line":32,"column":null}},"line":26},"3":{"name":"(anonymous_3)","decl":{"start":{"line":34,"column":13},"end":{"line":34,"column":29}},"loc":{"start":{"line":34,"column":71},"end":{"line":42,"column":null}},"line":34},"4":{"name":"(anonymous_4)","decl":{"start":{"line":44,"column":13},"end":{"line":44,"column":28}},"loc":{"start":{"line":44,"column":76},"end":{"line":50,"column":null}},"line":44},"5":{"name":"(anonymous_5)","decl":{"start":{"line":52,"column":13},"end":{"line":52,"column":27}},"loc":{"start":{"line":52,"column":87},"end":{"line":58,"column":null}},"line":52},"6":{"name":"(anonymous_6)","decl":{"start":{"line":60,"column":13},"end":{"line":60,"column":null}},"loc":{"start":{"line":68,"column":14},"end":{"line":79,"column":null}},"line":68}},"branchMap":{"0":{"loc":{"start":{"line":66,"column":2},"end":{"line":66,"column":null}},"type":"default-arg","locations":[{"start":{"line":66,"column":18},"end":{"line":66,"column":null}}],"line":66},"1":{"loc":{"start":{"line":67,"column":2},"end":{"line":67,"column":null}},"type":"default-arg","locations":[{"start":{"line":67,"column":18},"end":{"line":67,"column":null}}],"line":67},"2":{"loc":{"start":{"line":73,"column":2},"end":{"line":75,"column":null}},"type":"if","locations":[{"start":{"line":73,"column":2},"end":{"line":75,"column":null}},{"start":{},"end":{}}],"line":73},"3":{"loc":{"start":{"line":73,"column":6},"end":{"line":73,"column":34}},"type":"binary-expr","locations":[{"start":{"line":73,"column":6},"end":{"line":73,"column":21}},{"start":{"line":73,"column":21},"end":{"line":73,"column":34}}],"line":73}},"s":{"0":1,"1":8,"2":1,"3":8,"4":8,"5":8,"6":1,"7":2,"8":1,"9":2,"10":2,"11":2,"12":1,"13":2,"14":1,"15":1,"16":1,"17":1,"18":1,"19":1,"20":1,"21":0,"22":1,"23":1},"f":{"0":8,"1":8,"2":2,"3":2,"4":2,"5":1,"6":1},"b":{"0":[1],"1":[1],"2":[0,1],"3":[1,1]},"meta":{"lastBranch":4,"lastFunction":7,"lastStatement":24,"seen":{"s:3:13:7:Infinity":0,"f:3:13:3:43":0,"s:3:43:7:Infinity":1,"s:9:13:24:Infinity":2,"f:9:13:9:31":1,"s:10:56:10:Infinity":3,"s:11:56:11:Infinity":4,"s:13:2:23:Infinity":5,"s:26:13:32:Infinity":6,"f:26:13:26:32":2,"s:27:2:31:Infinity":7,"s:34:13:42:Infinity":8,"f:34:13:34:29":3,"s:35:12:35:Infinity":9,"s:36:12:36:Infinity":10,"s:37:2:41:Infinity":11,"s:44:13:50:Infinity":12,"f:44:13:44:28":4,"s:45:2:49:Infinity":13,"s:52:13:58:Infinity":14,"f:52:13:52:27":5,"s:53:2:57:Infinity":15,"s:60:13:79:Infinity":16,"f:60:13:60:Infinity":6,"b:66:18:66:Infinity":0,"b:67:18:67:Infinity":1,"s:69:10:69:Infinity":17,"s:70:2:70:Infinity":18,"s:71:2:71:Infinity":19,"b:73:2:75:Infinity:undefined:undefined:undefined:undefined":2,"s:73:2:75:Infinity":20,"b:73:6:73:21:73:21:73:34":3,"s:74:4:74:Infinity":21,"s:77:2:77:Infinity":22,"s:78:2:78:Infinity":23},"fnNames":{}}}
}
