<?xml version="1.0" encoding="UTF-8"?>
<coverage generated="1784019001958" clover="3.2.0">
  <project timestamp="1784019001959" name="All files">
    <metrics statements="22" coveredstatements="17" conditionals="26" coveredconditionals="18" methods="2" coveredmethods="2" elements="50" coveredelements="37" complexity="0" loc="22" ncloc="22" packages="1" files="1" classes="1"/>
    <file name="pathTokenizer.ts" path="/app/packages/serialization/src/pathTokenizer.ts">
      <metrics statements="22" coveredstatements="17" conditionals="26" coveredconditionals="18" methods="2" coveredmethods="2"/>
      <line num="7" count="6" type="cond" truecount="1" falsecount="1"/>
      <line num="8" count="6" type="stmt"/>
      <line num="10" count="6" type="stmt"/>
      <line num="11" count="10" type="stmt"/>
      <line num="12" count="10" type="stmt"/>
      <line num="13" count="20" type="cond" truecount="2" falsecount="0"/>
      <line num="16" count="10" type="cond" truecount="2" falsecount="0"/>
      <line num="17" count="9" type="stmt"/>
      <line num="18" count="9" type="cond" truecount="5" falsecount="5"/>
      <line num="19" count="2" type="stmt"/>
      <line num="20" count="7" type="stmt"/>
      <line num="21" count="0" type="stmt"/>
      <line num="22" count="0" type="stmt"/>
      <line num="23" count="0" type="stmt"/>
      <line num="24" count="0" type="stmt"/>
      <line num="27" count="9" type="cond" truecount="3" falsecount="1"/>
      <line num="28" count="9" type="stmt"/>
      <line num="29" count="11" type="cond" truecount="5" falsecount="1"/>
      <line num="30" count="11" type="stmt"/>
      <line num="33" count="0" type="stmt"/>
      <line num="36" count="1" type="stmt"/>
      <line num="40" count="6" type="stmt"/>
    </file>
  </project>
</coverage>
