{"/app/packages/serialization/src/pathTokenizer.ts": {"path":"/app/packages/serialization/src/pathTokenizer.ts","statementMap":{"0":{"start":{"line":7,"column":19},"end":{"line":7,"column":null}},"1":{"start":{"line":8,"column":30},"end":{"line":8,"column":null}},"2":{"start":{"line":10,"column":2},"end":{"line":38,"column":null}},"3":{"start":{"line":11,"column":17},"end":{"line":11,"column":null}},"4":{"start":{"line":12,"column":20},"end":{"line":12,"column":null}},"5":{"start":{"line":13,"column":17},"end":{"line":13,"column":null}},"6":{"start":{"line":13,"column":79},"end":{"line":13,"column":88}},"7":{"start":{"line":16,"column":4},"end":{"line":37,"column":null}},"8":{"start":{"line":17,"column":17},"end":{"line":17,"column":null}},"9":{"start":{"line":18,"column":6},"end":{"line":25,"column":null}},"10":{"start":{"line":19,"column":28},"end":{"line":19,"column":38}},"11":{"start":{"line":19,"column":38},"end":{"line":19,"column":null}},"12":{"start":{"line":20,"column":38},"end":{"line":20,"column":48}},"13":{"start":{"line":20,"column":48},"end":{"line":20,"column":null}},"14":{"start":{"line":21,"column":28},"end":{"line":21,"column":38}},"15":{"start":{"line":21,"column":38},"end":{"line":21,"column":null}},"16":{"start":{"line":22,"column":18},"end":{"line":22,"column":28}},"17":{"start":{"line":22,"column":28},"end":{"line":22,"column":null}},"18":{"start":{"line":23,"column":18},"end":{"line":23,"column":28}},"19":{"start":{"line":23,"column":28},"end":{"line":23,"column":null}},"20":{"start":{"line":24,"column":18},"end":{"line":24,"column":28}},"21":{"start":{"line":24,"column":28},"end":{"line":24,"column":null}},"22":{"start":{"line":27,"column":6},"end":{"line":34,"column":null}},"23":{"start":{"line":28,"column":8},"end":{"line":31,"column":null}},"24":{"start":{"line":28,"column":21},"end":{"line":28,"column":24}},"25":{"start":{"line":29,"column":27},"end":{"line":29,"column":null}},"26":{"start":{"line":30,"column":10},"end":{"line":30,"column":null}},"27":{"start":{"line":33,"column":9},"end":{"line":33,"column":null}},"28":{"start":{"line":36,"column":6},"end":{"line":36,"column":null}},"29":{"start":{"line":40,"column":2},"end":{"line":40,"column":null}}},"fnMap":{"0":{"name":"tokenizePath","decl":{"start":{"line":6,"column":16},"end":{"line":6,"column":29}},"loc":{"start":{"line":6,"column":60},"end":{"line":41,"column":null}},"line":6},"1":{"name":"(anonymous_1)","decl":{"start":{"line":13,"column":67},"end":{"line":13,"column":74}},"loc":{"start":{"line":13,"column":79},"end":{"line":13,"column":88}},"line":13}},"branchMap":{"0":{"loc":{"start":{"line":7,"column":19},"end":{"line":7,"column":null}},"type":"binary-expr","locations":[{"start":{"line":7,"column":19},"end":{"line":7,"column":61}},{"start":{"line":7,"column":61},"end":{"line":7,"column":null}}],"line":7},"1":{"loc":{"start":{"line":13,"column":17},"end":{"line":13,"column":null}},"type":"cond-expr","locations":[{"start":{"line":13,"column":27},"end":{"line":13,"column":92}},{"start":{"line":13,"column":92},"end":{"line":13,"column":null}}],"line":13},"2":{"loc":{"start":{"line":16,"column":4},"end":{"line":37,"column":null}},"type":"if","locations":[{"start":{"line":16,"column":4},"end":{"line":37,"column":null}},{"start":{"line":35,"column":11},"end":{"line":37,"column":null}}],"line":16},"3":{"loc":{"start":{"line":18,"column":6},"end":{"line":25,"column":null}},"type":"switch","locations":[{"start":{"line":19,"column":8},"end":{"line":19,"column":18}},{"start":{"line":19,"column":18},"end":{"line":19,"column":null}},{"start":{"line":20,"column":8},"end":{"line":20,"column":18}},{"start":{"line":20,"column":18},"end":{"line":20,"column":28}},{"start":{"line":20,"column":28},"end":{"line":20,"column":null}},{"start":{"line":21,"column":8},"end":{"line":21,"column":18}},{"start":{"line":21,"column":18},"end":{"line":21,"column":null}},{"start":{"line":22,"column":8},"end":{"line":22,"column":null}},{"start":{"line":23,"column":8},"end":{"line":23,"column":null}},{"start":{"line":24,"column":8},"end":{"line":24,"column":null}}],"line":18},"4":{"loc":{"start":{"line":27,"column":6},"end":{"line":34,"column":null}},"type":"if","locations":[{"start":{"line":27,"column":6},"end":{"line":34,"column":null}},{"start":{"line":32,"column":13},"end":{"line":34,"column":null}}],"line":27},"5":{"loc":{"start":{"line":27,"column":10},"end":{"line":27,"column":43}},"type":"binary-expr","locations":[{"start":{"line":27,"column":10},"end":{"line":27,"column":22}},{"start":{"line":27,"column":22},"end":{"line":27,"column":43}}],"line":27},"6":{"loc":{"start":{"line":29,"column":27},"end":{"line":29,"column":null}},"type":"cond-expr","locations":[{"start":{"line":29,"column":68},"end":{"line":29,"column":76}},{"start":{"line":29,"column":76},"end":{"line":29,"column":null}}],"line":29},"7":{"loc":{"start":{"line":29,"column":27},"end":{"line":29,"column":68}},"type":"binary-expr","locations":[{"start":{"line":29,"column":27},"end":{"line":29,"column":38}},{"start":{"line":29,"column":38},"end":{"line":29,"column":68}}],"line":29},"8":{"loc":{"start":{"line":29,"column":76},"end":{"line":29,"column":null}},"type":"cond-expr","locations":[{"start":{"line":29,"column":91},"end":{"line":29,"column":97}},{"start":{"line":29,"column":97},"end":{"line":29,"column":null}}],"line":29}},"s":{"0":6,"1":6,"2":6,"3":10,"4":10,"5":10,"6":20,"7":10,"8":9,"9":9,"10":2,"11":2,"12":7,"13":7,"14":0,"15":0,"16":0,"17":0,"18":0,"19":0,"20":0,"21":0,"22":9,"23":9,"24":9,"25":11,"26":11,"27":0,"28":1,"29":6},"f":{"0":6,"1":20},"b":{"0":[6,0],"1":[9,1],"2":[9,1],"3":[1,2,4,7,7,0,0,0,0,0],"4":[9,0],"5":[9,9],"6":[9,2],"7":[11,2],"8":[0,2]},"meta":{"lastBranch":9,"lastFunction":2,"lastStatement":30,"seen":{"f:6:16:6:29":0,"s:7:19:7:Infinity":0,"b:7:19:7:61:7:61:7:Infinity":0,"s:8:30:8:Infinity":1,"s:10:2:38:Infinity":2,"s:11:17:11:Infinity":3,"s:12:20:12:Infinity":4,"s:13:17:13:Infinity":5,"b:13:27:13:92:13:92:13:Infinity":1,"f:13:67:13:74":1,"s:13:79:13:88":6,"b:16:4:37:Infinity:35:11:37:Infinity":2,"s:16:4:37:Infinity":7,"s:17:17:17:Infinity":8,"b:19:8:19:18:19:18:19:Infinity:20:8:20:18:20:18:20:28:20:28:20:Infinity:21:8:21:18:21:18:21:Infinity:22:8:22:Infinity:23:8:23:Infinity:24:8:24:Infinity":3,"s:18:6:25:Infinity":9,"s:19:28:19:38":10,"s:19:38:19:Infinity":11,"s:20:38:20:48":12,"s:20:48:20:Infinity":13,"s:21:28:21:38":14,"s:21:38:21:Infinity":15,"s:22:18:22:28":16,"s:22:28:22:Infinity":17,"s:23:18:23:28":18,"s:23:28:23:Infinity":19,"s:24:18:24:28":20,"s:24:28:24:Infinity":21,"b:27:6:34:Infinity:32:13:34:Infinity":4,"s:27:6:34:Infinity":22,"b:27:10:27:22:27:22:27:43":5,"s:28:8:31:Infinity":23,"s:28:21:28:24":24,"s:29:27:29:Infinity":25,"b:29:68:29:76:29:76:29:Infinity":6,"b:29:27:29:38:29:38:29:68":7,"b:29:91:29:97:29:97:29:Infinity":8,"s:30:10:30:Infinity":26,"s:33:9:33:Infinity":27,"s:36:6:36:Infinity":28,"s:40:2:40:Infinity":29},"fnNames":{}}}
}
